2026-05-25 13:00:35,711 [INFO] httpx: HTTP Request: POST https://api.telegram.org/bot8614783932:AAEzhBUGg8KAVQCWSXvr2TiMEyVKEfL4EHw/getMe "HTTP/1.1 200 OK"
2026-05-25 13:00:35,717 [INFO] telegram.ext.Application: Application started
2026-05-25 13:00:35,925 [INFO] httpx: HTTP Request: POST https://api.telegram.org/bot8614783932:AAEzhBUGg8KAVQCWSXvr2TiMEyVKEfL4EHw/deleteWebhook "HTTP/1.1 200 OK"
2026-05-25 13:00:35,930 [INFO] modules.scanner: TokenScanner started — min MCap: $4,000
2026-05-25 13:00:35,932 [INFO] modules.whale_tracker: WhaleTracker started — watching 0 wallets
2026-05-25 13:00:37,461 [INFO] httpx: HTTP Request: POST https://api.telegram.org/bot8614783932:AAEzhBUGg8KAVQCWSXvr2TiMEyVKEfL4EHw/sendMessage "HTTP/1.1 200 OK"
2026-05-25 13:00:37,691 [INFO] httpx: HTTP Request: POST https://api.telegram.org/bot8614783932:AAEzhBUGg8KAVQCWSXvr2TiMEyVKEfL4EHw/sendMessage "HTTP/1.1 200 OK"
2026-05-25 13:00:37,896 [INFO] httpx: HTTP Request: POST https://api.telegram.org/bot8614783932:AAEzhBUGg8KAVQCWSXvr2TiMEyVKEfL4EHw/sendMessage "HTTP/1.1 200 OK"
2026-05-25 13:00:38,179 [INFO] httpx: HTTP Request: POST https://api.telegram.org/bot8614783932:AAEzhBUGg8KAVQCWSXvr2TiMEyVKEfL4EHw/sendMessage "HTTP/1.1 200 OK"
2026-05-25 13:00:38,383 [INFO] httpx: HTTP Request: POST https://api.telegram.org/bot8614783932:AAEzhBUGg8KAVQCWSXvr2TiMEyVKEfL4EHw/sendMessage "HTTP/1.1 200 OK"
2026-05-25 13:00:38,600 [INFO] httpx: HTTP Request: POST https://api.telegram.org/bot8614783932:AAEzhBUGg8KAVQCWSXvr2TiMEyVKEfL4EHw/sendMessage "HTTP/1.1 200 OK"
2026-05-25 13:00:38,844 [INFO] httpx: HTTP Request: POST https://api.telegram.org/bot8614783932:AAEzhBUGg8KAVQCWSXvr2TiMEyVKEfL4EHw/sendMessage "HTTP/1.1 200 OK"
2026-05-25 13:00:39,049 [INFO] httpx: HTTP Request: POST https://api.telegram.org/bot8614783932:AAEzhBUGg8KAVQCWSXvr2TiMEyVKEfL4EHw/sendMessage "HTTP/1.1 200 OK"
2026-05-25 13:00:39,304 [INFO] httpx: HTTP Request: POST https://api.telegram.org/bot8614783932:AAEzhBUGg8KAVQCWSXvr2TiMEyVKEfL4EHw/sendMessage "HTTP/1.1 200 OK"
2026-05-25 13:00:39,514 [INFO] httpx: HTTP Request: POST https://api.telegram.org/bot8614783932:AAEzhBUGg8KAVQCWSXvr2TiMEyVKEfL4EHw/sendMessage "HTTP/1.1 200 OK"
2026-05-25 13:00:39,714 [INFO] httpx: HTTP Request: POST https://api.telegram.org/bot8614783932:AAEzhBUGg8KAVQCWSXvr2TiMEyVKEfL4EHw/sendMessage "HTTP/1.1 200 OK"
2026-05-25 13:00:39,953 [INFO] httpx: HTTP Request: POST https://api.telegram.org/bot8614783932:AAEzhBUGg8KAVQCWSXvr2TiMEyVKEfL4EHw/sendMessage "HTTP/1.1 200 OK"
2026-05-25 13:00:40,226 [INFO] httpx: HTTP Request: POST https://api.telegram.org/bot8614783932:AAEzhBUGg8KAVQCWSXvr2TiMEyVKEfL4EHw/sendMessage "HTTP/1.1 200 OK"
2026-05-25 13:00:40,434 [INFO] httpx: HTTP Request: POST https://api.telegram.org/bot8614783932:AAEzhBUGg8KAVQCWSXvr2TiMEyVKEfL4EHw/sendMessage "HTTP/1.1 200 OK"
2026-05-25 13:00:40,636 [INFO] httpx: HTTP Request: POST https://api.telegram.org/bot8614783932:AAEzhBUGg8KAVQCWSXvr2TiMEyVKEfL4EHw/sendMessage "HTTP/1.1 200 OK"
2026-05-25 13:00:40,841 [INFO] httpx: HTTP Request: POST https://api.telegram.org/bot8614783932:AAEzhBUGg8KAVQCWSXvr2TiMEyVKEfL4EHw/sendMessage "HTTP/1.1 200 OK"
2026-05-25 13:00:41,056 [INFO] httpx: HTTP Request: POST https://api.telegram.org/bot8614783932:AAEzhBUGg8KAVQCWSXvr2TiMEyVKEfL4EHw/sendMessage "HTTP/1.1 200 OK"
2026-05-25 13:00:41,293 [INFO] httpx: HTTP Request: POST https://api.telegram.org/bot8614783932:AAEzhBUGg8KAVQCWSXvr2TiMEyVKEfL4EHw/sendMessage "HTTP/1.1 200 OK"
2026-05-25 13:00:41,558 [INFO] httpx: HTTP Request: POST https://api.telegram.org/bot8614783932:AAEzhBUGg8KAVQCWSXvr2TiMEyVKEfL4EHw/sendMessage "HTTP/1.1 200 OK"
2026-05-25 13:00:41,767 [INFO] httpx: HTTP Request: POST https://api.telegram.org/bot8614783932:AAEzhBUGg8KAVQCWSXvr2TiMEyVKEfL4EHw/sendMessage "HTTP/1.1 200 OK"
2026-05-25 13:00:41,972 [INFO] httpx: HTTP Request: POST https://api.telegram.org/bot8614783932:AAEzhBUGg8KAVQCWSXvr2TiMEyVKEfL4EHw/sendMessage "HTTP/1.1 200 OK"
2026-05-25 13:00:42,176 [INFO] httpx: HTTP Request: POST https://api.telegram.org/bot8614783932:AAEzhBUGg8KAVQCWSXvr2TiMEyVKEfL4EHw/sendMessage "HTTP/1.1 200 OK"
2026-05-25 13:00:42,441 [INFO] httpx: HTTP Request: POST https://api.telegram.org/bot8614783932:AAEzhBUGg8KAVQCWSXvr2TiMEyVKEfL4EHw/sendMessage "HTTP/1.1 200 OK"
2026-05-25 13:00:42,684 [INFO] httpx: HTTP Request: POST https://api.telegram.org/bot8614783932:AAEzhBUGg8KAVQCWSXvr2TiMEyVKEfL4EHw/sendMessage "HTTP/1.1 200 OK"
2026-05-25 13:00:42,889 [INFO] httpx: HTTP Request: POST https://api.telegram.org/bot8614783932:AAEzhBUGg8KAVQCWSXvr2TiMEyVKEfL4EHw/sendMessage "HTTP/1.1 200 OK"
2026-05-25 13:00:43,093 [INFO] httpx: HTTP Request: POST https://api.telegram.org/bot8614783932:AAEzhBUGg8KAVQCWSXvr2TiMEyVKEfL4EHw/sendMessage "HTTP/1.1 200 OK"
2026-05-25 13:00:43,298 [INFO] httpx: HTTP Request: POST https://api.telegram.org/bot8614783932:AAEzhBUGg8KAVQCWSXvr2TiMEyVKEfL4EHw/sendMessage "HTTP/1.1 200 OK"
2026-05-25 13:00:43,548 [INFO] httpx: HTTP Request: POST https://api.telegram.org/bot8614783932:AAEzhBUGg8KAVQCWSXvr2TiMEyVKEfL4EHw/sendMessage "HTTP/1.1 200 OK"
2026-05-25 13:00:43,810 [INFO] httpx: HTTP Request: POST https://api.telegram.org/bot8614783932:AAEzhBUGg8KAVQCWSXvr2TiMEyVKEfL4EHw/sendMessage "HTTP/1.1 200 OK"
2026-05-25 13:00:44,049 [INFO] httpx: HTTP Request: POST https://api.telegram.org/bot8614783932:AAEzhBUGg8KAVQCWSXvr2TiMEyVKEfL4EHw/sendMessage "HTTP/1.1 200 OK"
2026-05-25 13:00:44,352 [INFO] httpx: HTTP Request: POST https://api.telegram.org/bot8614783932:AAEzhBUGg8KAVQCWSXvr2TiMEyVKEfL4EHw/sendMessage "HTTP/1.1 200 OK"
2026-05-25 13:00:44,629 [INFO] httpx: HTTP Request: POST https://api.telegram.org/bot8614783932:AAEzhBUGg8KAVQCWSXvr2TiMEyVKEfL4EHw/sendMessage "HTTP/1.1 200 OK"
2026-05-25 13:00:44,852 [INFO] httpx: HTTP Request: POST https://api.telegram.org/bot8614783932:AAEzhBUGg8KAVQCWSXvr2TiMEyVKEfL4EHw/sendMessage "HTTP/1.1 200 OK"
2026-05-25 13:00:45,055 [INFO] httpx: HTTP Request: POST https://api.telegram.org/bot8614783932:AAEzhBUGg8KAVQCWSXvr2TiMEyVKEfL4EHw/sendMessage "HTTP/1.1 200 OK"
2026-05-25 13:00:45,248 [INFO] httpx: HTTP Request: POST https://api.telegram.org/bot8614783932:AAEzhBUGg8KAVQCWSXvr2TiMEyVKEfL4EHw/sendMessage "HTTP/1.1 200 OK"
2026-05-25 13:00:45,452 [INFO] httpx: HTTP Request: POST https://api.telegram.org/bot8614783932:AAEzhBUGg8KAVQCWSXvr2TiMEyVKEfL4EHw/sendMessage "HTTP/1.1 200 OK"
2026-05-25 13:00:45,653 [INFO] httpx: HTTP Request: POST https://api.telegram.org/bot8614783932:AAEzhBUGg8KAVQCWSXvr2TiMEyVKEfL4EHw/sendMessage "HTTP/1.1 200 OK"
2026-05-25 13:00:45,881 [INFO] httpx: HTTP Request: POST https://api.telegram.org/bot8614783932:AAEzhBUGg8KAVQCWSXvr2TiMEyVKEfL4EHw/sendMessage "HTTP/1.1 200 OK"
2026-05-25 13:00:46,106 [INFO] httpx: HTTP Request: POST https://api.telegram.org/bot8614783932:AAEzhBUGg8KAVQCWSXvr2TiMEyVKEfL4EHw/sendMessage "HTTP/1.1 200 OK"
2026-05-25 13:00:46,370 [INFO] httpx: HTTP Request: POST https://api.telegram.org/bot8614783932:AAEzhBUGg8KAVQCWSXvr2TiMEyVKEfL4EHw/sendMessage "HTTP/1.1 200 OK"
2026-05-25 13:00:46,585 [INFO] httpx: HTTP Request: POST https://api.telegram.org/bot8614783932:AAEzhBUGg8KAVQCWSXvr2TiMEyVKEfL4EHw/getUpdates "HTTP/1.1 200 OK"
2026-05-25 13:00:46,589 [INFO] httpx: HTTP Request: POST https://api.telegram.org/bot8614783932:AAEzhBUGg8KAVQCWSXvr2TiMEyVKEfL4EHw/sendMessage "HTTP/1.1 200 OK"
2026-05-25 13:00:46,790 [INFO] httpx: HTTP Request: POST https://api.telegram.org/bot8614783932:AAEzhBUGg8KAVQCWSXvr2TiMEyVKEfL4EHw/sendMessage "HTTP/1.1 200 OK"
2026-05-25 13:00:47,000 [INFO] httpx: HTTP Request: POST https://api.telegram.org/bot8614783932:AAEzhBUGg8KAVQCWSXvr2TiMEyVKEfL4EHw/sendMessage "HTTP/1.1 200 OK"
2026-05-25 13:00:47,220 [INFO] httpx: HTTP Request: POST https://api.telegram.org/bot8614783932:AAEzhBUGg8KAVQCWSXvr2TiMEyVKEfL4EHw/sendMessage "HTTP/1.1 200 OK"
2026-05-25 13:00:47,485 [INFO] httpx: HTTP Request: POST https://api.telegram.org/bot8614783932:AAEzhBUGg8KAVQCWSXvr2TiMEyVKEfL4EHw/sendMessage "HTTP/1.1 200 OK"
2026-05-25 13:00:47,701 [INFO] httpx: HTTP Request: POST https://api.telegram.org/bot8614783932:AAEzhBUGg8KAVQCWSXvr2TiMEyVKEfL4EHw/sendMessage "HTTP/1.1 200 OK"
2026-05-25 13:00:47,712 [INFO] modules.scanner: Scan #1 done — 46 new tokens found
2026-05-25 13:00:57,019 [INFO] httpx: HTTP Request: POST https://api.telegram.org/bot8614783932:AAEzhBUGg8KAVQCWSXvr2TiMEyVKEfL4EHw/getUpdates "HTTP/1.1 200 OK"
2026-05-25 13:01:07,263 [INFO] httpx: HTTP Request: POST https://api.telegram.org/bot8614783932:AAEzhBUGg8KAVQCWSXvr2TiMEyVKEfL4EHw/getUpdates "HTTP/1.1 200 OK"
2026-05-25 13:01:17,704 [INFO] httpx: HTTP Request: POST https://api.telegram.org/bot8614783932:AAEzhBUGg8KAVQCWSXvr2TiMEyVKEfL4EHw/getUpdates "HTTP/1.1 200 OK"
2026-05-25 13:01:27,944 [INFO] httpx: HTTP Request: POST https://api.telegram.org/bot8614783932:AAEzhBUGg8KAVQCWSXvr2TiMEyVKEfL4EHw/getUpdates "HTTP/1.1 200 OK"
2026-05-25 13:01:38,184 [INFO] httpx: HTTP Request: POST https://api.telegram.org/bot8614783932:AAEzhBUGg8KAVQCWSXvr2TiMEyVKEfL4EHw/getUpdates "HTTP/1.1 200 OK"
2026-05-25 13:01:48,432 [INFO] httpx: HTTP Request: POST https://api.telegram.org/bot8614783932:AAEzhBUGg8KAVQCWSXvr2TiMEyVKEfL4EHw/getUpdates "HTTP/1.1 200 OK"
2026-05-25 13:01:49,158 [INFO] httpx: HTTP Request: POST https://api.telegram.org/bot8614783932:AAEzhBUGg8KAVQCWSXvr2TiMEyVKEfL4EHw/sendMessage "HTTP/1.1 200 OK"
2026-05-25 13:01:49,163 [INFO] modules.scanner: Scan #2 done — 1 new tokens found
2026-05-25 13:01:58,663 [INFO] httpx: HTTP Request: POST https://api.telegram.org/bot8614783932:AAEzhBUGg8KAVQCWSXvr2TiMEyVKEfL4EHw/getUpdates "HTTP/1.1 200 OK"
2026-05-25 13:02:08,904 [INFO] httpx: HTTP Request: POST https://api.telegram.org/bot8614783932:AAEzhBUGg8KAVQCWSXvr2TiMEyVKEfL4EHw/getUpdates "HTTP/1.1 200 OK"
2026-05-25 13:02:19,143 [INFO] httpx: HTTP Request: POST https://api.telegram.org/bot8614783932:AAEzhBUGg8KAVQCWSXvr2TiMEyVKEfL4EHw/getUpdates "HTTP/1.1 200 OK"
2026-05-25 13:02:30,144 [INFO] httpx: HTTP Request: POST https://api.telegram.org/bot8614783932:AAEzhBUGg8KAVQCWSXvr2TiMEyVKEfL4EHw/getUpdates "HTTP/1.1 200 OK"
2026-05-25 13:02:40,443 [INFO] httpx: HTTP Request: POST https://api.telegram.org/bot8614783932:AAEzhBUGg8KAVQCWSXvr2TiMEyVKEfL4EHw/getUpdates "HTTP/1.1 200 OK"
2026-05-25 13:02:49,971 [INFO] modules.scanner: Scan #3 done — 0 new tokens found
2026-05-25 13:02:50,609 [INFO] httpx: HTTP Request: POST https://api.telegram.org/bot8614783932:AAEzhBUGg8KAVQCWSXvr2TiMEyVKEfL4EHw/getUpdates "HTTP/1.1 200 OK"
2026-05-25 13:03:00,773 [INFO] httpx: HTTP Request: POST https://api.telegram.org/bot8614783932:AAEzhBUGg8KAVQCWSXvr2TiMEyVKEfL4EHw/getUpdates "HTTP/1.1 200 OK"
2026-05-25 13:03:10,965 [INFO] httpx: HTTP Request: POST https://api.telegram.org/bot8614783932:AAEzhBUGg8KAVQCWSXvr2TiMEyVKEfL4EHw/getUpdates "HTTP/1.1 200 OK"
2026-05-25 13:03:22,222 [INFO] httpx: HTTP Request: POST https://api.telegram.org/bot8614783932:AAEzhBUGg8KAVQCWSXvr2TiMEyVKEfL4EHw/getUpdates "HTTP/1.1 200 OK"
2026-05-25 13:03:32,463 [INFO] httpx: HTTP Request: POST https://api.telegram.org/bot8614783932:AAEzhBUGg8KAVQCWSXvr2TiMEyVKEfL4EHw/getUpdates "HTTP/1.1 200 OK"
2026-05-25 13:03:43,624 [INFO] httpx: HTTP Request: POST https://api.telegram.org/bot8614783932:AAEzhBUGg8KAVQCWSXvr2TiMEyVKEfL4EHw/getUpdates "HTTP/1.1 200 OK"
2026-05-25 13:03:50,697 [INFO] modules.scanner: Scan #4 done — 0 new tokens found
2026-05-25 13:03:53,939 [INFO] httpx: HTTP Request: POST https://api.telegram.org/bot8614783932:AAEzhBUGg8KAVQCWSXvr2TiMEyVKEfL4EHw/getUpdates "HTTP/1.1 200 OK"
2026-05-25 13:04:04,307 [INFO] httpx: HTTP Request: POST https://api.telegram.org/bot8614783932:AAEzhBUGg8KAVQCWSXvr2TiMEyVKEfL4EHw/getUpdates "HTTP/1.1 200 OK"
2026-05-25 13:04:14,652 [INFO] httpx: HTTP Request: POST https://api.telegram.org/bot8614783932:AAEzhBUGg8KAVQCWSXvr2TiMEyVKEfL4EHw/getUpdates "HTTP/1.1 200 OK"
2026-05-25 13:04:25,301 [INFO] httpx: HTTP Request: POST https://api.telegram.org/bot8614783932:AAEzhBUGg8KAVQCWSXvr2TiMEyVKEfL4EHw/getUpdates "HTTP/1.1 200 OK"
2026-05-25 13:04:35,996 [INFO] httpx: HTTP Request: POST https://api.telegram.org/bot8614783932:AAEzhBUGg8KAVQCWSXvr2TiMEyVKEfL4EHw/getUpdates "HTTP/1.1 200 OK"
2026-05-25 13:04:46,292 [INFO] httpx: HTTP Request: POST https://api.telegram.org/bot8614783932:AAEzhBUGg8KAVQCWSXvr2TiMEyVKEfL4EHw/getUpdates "HTTP/1.1 200 OK"
2026-05-25 13:04:51,383 [INFO] modules.scanner: Scan #5 done — 0 new tokens found
2026-05-25 13:04:56,532 [INFO] httpx: HTTP Request: POST https://api.telegram.org/bot8614783932:AAEzhBUGg8KAVQCWSXvr2TiMEyVKEfL4EHw/getUpdates "HTTP/1.1 200 OK"
2026-05-25 13:05:06,727 [INFO] httpx: HTTP Request: POST https://api.telegram.org/bot8614783932:AAEzhBUGg8KAVQCWSXvr2TiMEyVKEfL4EHw/getUpdates "HTTP/1.1 200 OK"
2026-05-25 13:05:16,912 [INFO] httpx: HTTP Request: POST https://api.telegram.org/bot8614783932:AAEzhBUGg8KAVQCWSXvr2TiMEyVKEfL4EHw/getUpdates "HTTP/1.1 200 OK"
2026-05-25 13:05:27,150 [INFO] httpx: HTTP Request: POST https://api.telegram.org/bot8614783932:AAEzhBUGg8KAVQCWSXvr2TiMEyVKEfL4EHw/getUpdates "HTTP/1.1 200 OK"
